2018-08-13 22:58:30 0 0.0275
2018-08-13 23:00:39 100 0.02
2018-08-13 23:02:55 200 0.0275
2018-08-13 23:05:12 300 0.0225
2018-08-13 23:07:29 400 0.015
2018-08-13 23:09:46 500 0.0075
2018-08-13 23:12:01 600 0.0175
2018-08-13 23:14:19 700 0.01
2018-08-13 23:16:37 800 0.015
2018-08-13 23:18:54 900 0.02
2018-08-13 23:21:10 1000 0.015
2018-08-13 23:23:28 1100 0.0
2018-08-13 23:25:47 1200 0.0175
2018-08-13 23:28:05 1300 0.025
2018-08-13 23:30:23 1400 0.015
2018-08-13 23:32:40 1500 0.015
2018-08-13 23:34:58 1600 0.0125
2018-08-13 23:37:15 1700 0.0125
2018-08-13 23:39:34 1800 0.015
2018-08-13 23:41:52 1900 0.0175
2018-08-13 23:44:11 2000 0.02